<?xml version="1.0" encoding="UTF-8"?>
<!-- Generated by org.testng.reporters.JUnitReportReporter -->
<testsuite hostname="LTIN516778" failures="0" tests="13" name="TestCases.tests" time="21.459" errors="0" timestamp="2024-05-08T12:29:11 IST" skipped="0">
  <testcase classname="TestCases.tests" name="open_travel_insurance" time="1.948"/>
  <testcase classname="TestCases.tests" name="select_destination" time="0.463"/>
  <testcase classname="TestCases.tests" name="click_Date" time="0.860"/>
  <testcase classname="TestCases.tests" name="click_No_of_persons" time="0.538"/>
  <testcase classname="TestCases.tests" name="MedicalHistory" time="2.383"/>
  <testcase classname="TestCases.tests" name="enter_mob_no" time="2.271"/>
  <testcase classname="TestCases.tests" name="Viewplan" time="6.363"/>
  <testcase classname="TestCases.tests" name="lowest_prices_of_three_insurances" time="0.201"/>
  <testcase classname="TestCases.tests" name="print_First_Three_companies" time="0.178"/>
  <testcase classname="TestCases.tests" name="go_To_Home_Page" time="0.901"/>
  <testcase classname="TestCases.tests" name="carInsurance" time="2.166"/>
  <testcase classname="TestCases.tests" name="cardetails" time="2.789"/>
  <testcase classname="TestCases.tests" name="InputValues" time="0.398"/>
</testsuite> <!-- TestCases.tests -->
